<?xml version="1.0" encoding="UTF-8"?>
<!-- Generated by org.testng.reporters.JUnitReportReporter -->
<testsuite hostname="mucnblo029" failures="0" tests="3" name="RestAPI.GetMethod" time="2.791" errors="0" timestamp="2021-02-28T20:00:20 CET" skipped="0">
  <testcase classname="RestAPI.GetMethod" name="testForValidId" time="0.098"/>
  <system-out/>
  <testcase classname="RestAPI.GetMethod" name="testForIdNotPresent" time="2.285"/>
  <system-out/>
  <testcase classname="RestAPI.GetMethod" name="testForInvalidId" time="0.408"/>
  <system-out/>
</testsuite> <!-- RestAPI.GetMethod -->
